<?xml version="1.0" encoding="UTF-8"?>
<testng-results skipped="0" failed="0" total="3" passed="3">
  <reporter-output>
  </reporter-output>
  <suite name="Test-Suite" duration-ms="29" started-at="2017-10-07T13:31:56Z" finished-at="2017-10-07T13:31:56Z">
    <groups>
      <group name="Regression">
        <method signature="Test1.TCNo1()[pri:0, instance:TestNgClasses.Test1@163425a]" name="TCNo1" class="TestNgClasses.Test1"/>
        <method signature="Test1.TCNo2()[pri:0, instance:TestNgClasses.Test1@163425a]" name="TCNo2" class="TestNgClasses.Test1"/>
        <method signature="Test2.TCaseNoTwo()[pri:0, instance:TestNgClasses.Test2@11baa65]" name="TCaseNoTwo" class="TestNgClasses.Test2"/>
      </group> <!-- Regression -->
    </groups>
    <test name="Test-Sample" duration-ms="29" started-at="2017-10-07T13:31:56Z" finished-at="2017-10-07T13:31:56Z">
      <class name="TestNgClasses.Test2">
        <test-method status="PASS" signature="TCaseNoTwo()[pri:0, instance:TestNgClasses.Test2@11baa65]" name="TCaseNoTwo" duration-ms="1" started-at="2017-10-07T19:01:56Z" finished-at="2017-10-07T19:01:56Z">
          <reporter-output>
          </reporter-output>
        </test-method> <!-- TCaseNoTwo -->
      </class> <!-- TestNgClasses.Test2 -->
      <class name="TestNgClasses.Test1">
        <test-method status="PASS" signature="TCNo1()[pri:0, instance:TestNgClasses.Test1@163425a]" name="TCNo1" duration-ms="10" started-at="2017-10-07T19:01:56Z" finished-at="2017-10-07T19:01:56Z">
          <reporter-output>
          </reporter-output>
        </test-method> <!-- TCNo1 -->
        <test-method status="PASS" signature="TCNo2()[pri:0, instance:TestNgClasses.Test1@163425a]" name="TCNo2" duration-ms="1" started-at="2017-10-07T19:01:56Z" finished-at="2017-10-07T19:01:56Z">
          <reporter-output>
          </reporter-output>
        </test-method> <!-- TCNo2 -->
      </class> <!-- TestNgClasses.Test1 -->
    </test> <!-- Test-Sample -->
  </suite> <!-- Test-Suite -->
</testng-results>
